<?xml version="1.0" encoding="utf-8"?><testsuites><testsuite name="pytest" errors="0" failures="0" skipped="0" tests="9" time="2.168" timestamp="2026-09-03T09:44:42.562134+00:00" hostname="agent-env-d61ee23d-5c45-45c9-bfb1-425fb9759646"><testcase classname="tests.test_startup_hotfix.TestImportHealth" name="test_resend_module_installed" time="0.268" /><testcase classname="tests.test_startup_hotfix.TestImportHealth" name="test_resend_service_and_leads_router_import" time="0.294" /><testcase classname="tests.test_startup_hotfix.TestImportHealth" name="test_backend_err_log_has_no_import_errors_after_restart" time="0.003" /><testcase classname="tests.test_startup_hotfix.TestAppLoaded" name="test_api_root_200" time="0.147" /><testcase classname="tests.test_startup_hotfix.TestAppLoaded" name="test_openapi_includes_leads_routes" time="0.333" /><testcase classname="tests.test_startup_hotfix.TestAuthFlow" name="test_login_and_me" time="0.410" /><testcase classname="tests.test_startup_hotfix.TestAuthFlow" name="test_me_requires_token" time="0.169" /><testcase classname="tests.test_startup_hotfix.TestAuthFlow" name="test_login_wrong_password" time="0.303" /><testcase classname="tests.test_startup_hotfix.TestChatbots" name="test_list_and_detail" time="0.158" /></testsuite></testsuites>