<?xml version="1.0" encoding="utf-8"?><testsuites><testsuite name="pytest" errors="0" failures="0" skipped="0" tests="17" time="3.366" timestamp="2026-08-31T07:16:15.550646+00:00" hostname="agent-env-d61ee23d-5c45-45c9-bfb1-425fb9759646"><testcase classname="tests.backend_test.TestHealth" name="test_api_root_or_health" time="0.135" /><testcase classname="tests.backend_test.TestLeadCaptureField" name="test_get_chatbot_has_field" time="0.385" /><testcase classname="tests.backend_test.TestLeadCaptureField" name="test_list_chatbots_has_field" time="0.065" /><testcase classname="tests.backend_test.TestLeadCaptureField" name="test_public_chatbot_has_field" time="0.066" /><testcase classname="tests.backend_test.TestToggleFlow" name="test_toggle_off_persists_and_public_reflects" time="0.206" /><testcase classname="tests.backend_test.TestToggleFlow" name="test_toggle_on_persists_and_public_reflects" time="0.207" /><testcase classname="tests.backend_test.TestToggleFlow" name="test_toggle_does_not_change_other_fields" time="0.269" /><testcase classname="tests.backend_test.TestToggleFlow" name="test_active_status_toggle_still_works" time="0.193" /><testcase classname="tests.backend_test.TestSecurity" name="test_put_requires_auth" time="0.082" /><testcase classname="tests.backend_test.TestSecurity" name="test_put_invalid_token" time="0.085" /><testcase classname="tests.backend_test.TestSecurity" name="test_put_nonexistent_chatbot" time="0.062" /><testcase classname="tests.backend_test.TestSecurity" name="test_public_chatbot_invalid_id" time="0.061" /><testcase classname="tests.backend_test.TestLeads" name="test_public_lead_submit_and_listed" time="0.137" /><testcase classname="tests.backend_test.TestLeads" name="test_lead_submit_when_capture_disabled" time="0.218" /><testcase classname="tests.backend_test.TestLeads" name="test_chatbot_leads_requires_auth" time="0.083" /><testcase classname="tests.backend_test.TestLeads" name="test_lead_validation" time="0.069" /><testcase classname="tests.backend_test.TestChatRegression" name="test_public_chat_response" time="0.945" /></testsuite></testsuites>